Madiyar/app/build/intermediates/manifest_merge_blame_file/debug/manifest-merger-blame-debug-report.txt
1<?xml version="1.0" encoding="utf-8"?>
2<manifest xmlns:android="http://schemas.android.com/apk/res/android"
3    package="com.example.madiyar"
4    android:versionCode="1"
5    android:versionName="1.0" >
6
7    <uses-sdk
8        android:minSdkVersion="28"
8-->src\main\AndroidManifest.xml
9        android:targetSdkVersion="30" />
9-->src\main\AndroidManifest.xml
10
11    <uses-permission android:name="android.permission.INTERNET" />
11-->[com.google.firebase:firebase-auth:20.0.0] AndroidManifest.xml:23:5-67
11-->[com.google.firebase:firebase-auth:20.0.0] AndroidManifest.xml:23:22-64
12    <uses-permission android:name="android.permission.ACCESS_NETWORK_STATE" />
12-->[com.google.firebase:firebase-auth:20.0.0] AndroidManifest.xml:24:5-79
12-->[com.google.firebase:firebase-auth:20.0.0] AndroidManifest.xml:24:22-76
13    <uses-permission android:name="android.permission.WAKE_LOCK" />
13-->[com.google.android.gms:play-services-measurement-api:18.0.0] AndroidManifest.xml:24:5-68
13-->[com.google.android.gms:play-services-measurement-api:18.0.0] AndroidManifest.xml:24:22-65
14    <uses-permission android:name="com.google.android.finsky.permission.BIND_GET_INSTALL_REFERRER_SERVICE" />
14-->[com.google.android.gms:play-services-measurement:18.0.0] AndroidManifest.xml:26:5-110
14-->[com.google.android.gms:play-services-measurement:18.0.0] AndroidManifest.xml:26:22-107
15
16    <application
16-->src\main\AndroidManifest.xml:5:5-24:19
17        android:allowBackup="false"
17-->src\main\AndroidManifest.xml:6:9-36
18        android:appComponentFactory="androidx.core.app.CoreComponentFactory"
18-->[androidx.core:core:1.3.2] AndroidManifest.xml:24:18-86
19        android:debuggable="true"
20        android:extractNativeLibs="false"
21        android:icon="@mipmap/ic_launcher"
21-->src\main\AndroidManifest.xml:7:9-43
22        android:label="@string/app_name"
22-->src\main\AndroidManifest.xml:8:9-41
23        android:roundIcon="@mipmap/ic_launcher_round"
23-->src\main\AndroidManifest.xml:9:9-54
24        android:supportsRtl="true"
24-->src\main\AndroidManifest.xml:10:9-35
25        android:testOnly="true"
26        android:theme="@style/Theme.Design.Light.NoActionBar" >
26-->src\main\AndroidManifest.xml:11:9-62
27        <activity android:name="com.example.madiyar.usermain.UserMainPageFragment" />
27-->src\main\AndroidManifest.xml:12:9-67
27-->src\main\AndroidManifest.xml:12:19-64
28        <activity android:name="com.example.madiyar.MainActivity" >
28-->src\main\AndroidManifest.xml:13:9-19:20
28-->src\main\AndroidManifest.xml:13:19-47
29            <intent-filter>
29-->src\main\AndroidManifest.xml:14:13-18:29
30                <action android:name="android.intent.action.MAIN" />
30-->src\main\AndroidManifest.xml:15:17-69
30-->src\main\AndroidManifest.xml:15:25-66
31
32                <category android:name="android.intent.category.LAUNCHER" />
32-->src\main\AndroidManifest.xml:17:17-77
32-->src\main\AndroidManifest.xml:17:27-74
33            </intent-filter>
34        </activity>
35
36        <meta-data
36-->src\main\AndroidManifest.xml:21:9-23:57
37            android:name="preloaded_fonts"
37-->src\main\AndroidManifest.xml:22:13-43
38            android:resource="@array/preloaded_fonts" />
38-->src\main\AndroidManifest.xml:23:13-54
39
40        <service
40-->[com.google.firebase:firebase-analytics-ktx:18.0.0] AndroidManifest.xml:8:9-14:19
41            android:name="com.google.firebase.components.ComponentDiscoveryService"
41-->[com.google.firebase:firebase-analytics-ktx:18.0.0] AndroidManifest.xml:9:13-84
42            android:directBootAware="true"
42-->[com.google.firebase:firebase-common:19.3.1] AndroidManifest.xml:35:13-43
43            android:exported="false" >
43-->[com.google.firebase:firebase-analytics-ktx:18.0.0] AndroidManifest.xml:10:13-37
44            <meta-data
44-->[com.google.firebase:firebase-analytics-ktx:18.0.0] AndroidManifest.xml:11:13-13:85
45                android:name="com.google.firebase.components:com.google.firebase.analytics.ktx.FirebaseAnalyticsKtxRegistrar"
45-->[com.google.firebase:firebase-analytics-ktx:18.0.0] AndroidManifest.xml:12:17-126
46                android:value="com.google.firebase.components.ComponentRegistrar" />
46-->[com.google.firebase:firebase-analytics-ktx:18.0.0] AndroidManifest.xml:13:17-82
47            <meta-data
47-->[com.google.firebase:firebase-auth-ktx:20.0.0] AndroidManifest.xml:11:13-13:85
48                android:name="com.google.firebase.components:com.google.firebase.auth.ktx.FirebaseAuthKtxRegistrar"
48-->[com.google.firebase:firebase-auth-ktx:20.0.0] AndroidManifest.xml:12:17-116
49                android:value="com.google.firebase.components.ComponentRegistrar" />
49-->[com.google.firebase:firebase-auth-ktx:20.0.0] AndroidManifest.xml:13:17-82
50            <meta-data
50-->[com.google.firebase:firebase-common-ktx:19.3.1] AndroidManifest.xml:15:13-17:85
51                android:name="com.google.firebase.components:com.google.firebase.ktx.FirebaseCommonKtxRegistrar"
51-->[com.google.firebase:firebase-common-ktx:19.3.1] AndroidManifest.xml:16:17-113
52                android:value="com.google.firebase.components.ComponentRegistrar" />
52-->[com.google.firebase:firebase-common-ktx:19.3.1] AndroidManifest.xml:17:17-82
53            <meta-data
53-->[com.google.firebase:firebase-auth:20.0.0] AndroidManifest.xml:85:13-87:85
54                android:name="com.google.firebase.components:com.google.firebase.auth.FirebaseAuthRegistrar"
54-->[com.google.firebase:firebase-auth:20.0.0] AndroidManifest.xml:86:17-109
55                android:value="com.google.firebase.components.ComponentRegistrar" />
55-->[com.google.firebase:firebase-auth:20.0.0] AndroidManifest.xml:87:17-82
56            <meta-data
56-->[com.google.android.gms:play-services-measurement-api:18.0.0] AndroidManifest.xml:30:13-32:85
57                android:name="com.google.firebase.components:com.google.firebase.analytics.connector.internal.AnalyticsConnectorRegistrar"
57-->[com.google.android.gms:play-services-measurement-api:18.0.0] AndroidManifest.xml:31:17-139
58                android:value="com.google.firebase.components.ComponentRegistrar" />
58-->[com.google.android.gms:play-services-measurement-api:18.0.0] AndroidManifest.xml:32:17-82
59            <meta-data
59-->[com.google.firebase:firebase-installations:16.3.3] AndroidManifest.xml:17:13-19:85
60                android:name="com.google.firebase.components:com.google.firebase.installations.FirebaseInstallationsRegistrar"
60-->[com.google.firebase:firebase-installations:16.3.3] AndroidManifest.xml:18:17-127
61                android:value="com.google.firebase.components.ComponentRegistrar" />
61-->[com.google.firebase:firebase-installations:16.3.3] AndroidManifest.xml:19:17-82
62        </service>
63
64        <activity
64-->[com.google.firebase:firebase-auth:20.0.0] AndroidManifest.xml:27:9-34:50
65            android:name="com.google.firebase.auth.internal.FederatedSignInActivity"
65-->[com.google.firebase:firebase-auth:20.0.0] AndroidManifest.xml:28:13-85
66            android:excludeFromRecents="true"
66-->[com.google.firebase:firebase-auth:20.0.0] AndroidManifest.xml:29:13-46
67            android:exported="true"
67-->[com.google.firebase:firebase-auth:20.0.0] AndroidManifest.xml:30:13-36
68            android:launchMode="singleTask"
68-->[com.google.firebase:firebase-auth:20.0.0] AndroidManifest.xml:31:13-44
69            android:permission="com.google.firebase.auth.api.gms.permission.LAUNCH_FEDERATED_SIGN_IN"
69-->[com.google.firebase:firebase-auth:20.0.0] AndroidManifest.xml:32:13-102
70            android:theme="@android:style/Theme.Translucent.NoTitleBar" />
70-->[com.google.firebase:firebase-auth:20.0.0] AndroidManifest.xml:33:13-72
71        <activity
71-->[com.google.firebase:firebase-auth:20.0.0] AndroidManifest.xml:35:9-52:20
72            android:name="com.google.firebase.auth.internal.GenericIdpActivity"
72-->[com.google.firebase:firebase-auth:20.0.0] AndroidManifest.xml:36:13-80
73            android:excludeFromRecents="true"
73-->[com.google.firebase:firebase-auth:20.0.0] AndroidManifest.xml:37:13-46
74            android:exported="true"
74-->[com.google.firebase:firebase-auth:20.0.0] AndroidManifest.xml:38:13-36
75            android:launchMode="singleTask"
75-->[com.google.firebase:firebase-auth:20.0.0] AndroidManifest.xml:39:13-44
76            android:theme="@android:style/Theme.Translucent.NoTitleBar" >
76-->[com.google.firebase:firebase-auth:20.0.0] AndroidManifest.xml:40:13-72
77            <intent-filter>
77-->[com.google.firebase:firebase-auth:20.0.0] AndroidManifest.xml:41:13-51:29
78                <action android:name="android.intent.action.VIEW" />
78-->[com.google.firebase:firebase-auth:20.0.0] AndroidManifest.xml:42:17-69
78-->[com.google.firebase:firebase-auth:20.0.0] AndroidManifest.xml:42:25-66
79
80                <category android:name="android.intent.category.DEFAULT" />
80-->[com.google.firebase:firebase-auth:20.0.0] AndroidManifest.xml:44:17-76
80-->[com.google.firebase:firebase-auth:20.0.0] AndroidManifest.xml:44:27-73
81                <category android:name="android.intent.category.BROWSABLE" />
81-->[com.google.firebase:firebase-auth:20.0.0] AndroidManifest.xml:45:17-78
81-->[com.google.firebase:firebase-auth:20.0.0] AndroidManifest.xml:45:27-75
82
83                <data
83-->[com.google.firebase:firebase-auth:20.0.0] AndroidManifest.xml:47:17-50:51
84                    android:host="firebase.auth"
84-->[com.google.firebase:firebase-auth:20.0.0] AndroidManifest.xml:48:21-49
85                    android:path="/"
85-->[com.google.firebase:firebase-auth:20.0.0] AndroidManifest.xml:49:21-37
86                    android:scheme="genericidp" />
86-->[com.google.firebase:firebase-auth:20.0.0] AndroidManifest.xml:50:21-48
87            </intent-filter>
88        </activity>
89        <activity
89-->[com.google.firebase:firebase-auth:20.0.0] AndroidManifest.xml:53:9-70:20
90            android:name="com.google.firebase.auth.internal.RecaptchaActivity"
90-->[com.google.firebase:firebase-auth:20.0.0] AndroidManifest.xml:54:13-79
91            android:excludeFromRecents="true"
91-->[com.google.firebase:firebase-auth:20.0.0] AndroidManifest.xml:55:13-46
92            android:exported="true"
92-->[com.google.firebase:firebase-auth:20.0.0] AndroidManifest.xml:56:13-36
93            android:launchMode="singleTask"
93-->[com.google.firebase:firebase-auth:20.0.0] AndroidManifest.xml:57:13-44
94            android:theme="@android:style/Theme.Translucent.NoTitleBar" >
94-->[com.google.firebase:firebase-auth:20.0.0] AndroidManifest.xml:58:13-72
95            <intent-filter>
95-->[com.google.firebase:firebase-auth:20.0.0] AndroidManifest.xml:59:13-69:29
96                <action android:name="android.intent.action.VIEW" />
96-->[com.google.firebase:firebase-auth:20.0.0] AndroidManifest.xml:42:17-69
96-->[com.google.firebase:firebase-auth:20.0.0] AndroidManifest.xml:42:25-66
97
98                <category android:name="android.intent.category.DEFAULT" />
98-->[com.google.firebase:firebase-auth:20.0.0] AndroidManifest.xml:44:17-76
98-->[com.google.firebase:firebase-auth:20.0.0] AndroidManifest.xml:44:27-73
99                <category android:name="android.intent.category.BROWSABLE" />
99-->[com.google.firebase:firebase-auth:20.0.0] AndroidManifest.xml:45:17-78
99-->[com.google.firebase:firebase-auth:20.0.0] AndroidManifest.xml:45:27-75
100
101                <data
101-->[com.google.firebase:firebase-auth:20.0.0] AndroidManifest.xml:47:17-50:51
102                    android:host="firebase.auth"
102-->[com.google.firebase:firebase-auth:20.0.0] AndroidManifest.xml:48:21-49
103                    android:path="/"
103-->[com.google.firebase:firebase-auth:20.0.0] AndroidManifest.xml:49:21-37
104                    android:scheme="recaptcha" />
104-->[com.google.firebase:firebase-auth:20.0.0] AndroidManifest.xml:50:21-48
105            </intent-filter>
106        </activity>
107
108        <service
108-->[com.google.firebase:firebase-auth:20.0.0] AndroidManifest.xml:72:9-81:19
109            android:name="com.google.firebase.auth.api.fallback.service.FirebaseAuthFallbackService"
109-->[com.google.firebase:firebase-auth:20.0.0] AndroidManifest.xml:73:13-101
110            android:enabled="true"
110-->[com.google.firebase:firebase-auth:20.0.0] AndroidManifest.xml:74:13-35
111            android:exported="false" >
111-->[com.google.firebase:firebase-auth:20.0.0] AndroidManifest.xml:75:13-37
112            <intent-filter>
112-->[com.google.firebase:firebase-auth:20.0.0] AndroidManifest.xml:76:13-80:29
113                <action android:name="com.google.firebase.auth.api.gms.service.START" />
113-->[com.google.firebase:firebase-auth:20.0.0] AndroidManifest.xml:77:17-89
113-->[com.google.firebase:firebase-auth:20.0.0] AndroidManifest.xml:77:25-86
114
115                <category android:name="android.intent.category.DEFAULT" />
115-->[com.google.firebase:firebase-auth:20.0.0] AndroidManifest.xml:44:17-76
115-->[com.google.firebase:firebase-auth:20.0.0] AndroidManifest.xml:44:27-73
116            </intent-filter>
117        </service>
118
119        <activity
119-->[com.google.android.gms:play-services-base:17.1.0] AndroidManifest.xml:23:9-26:75
120            android:name="com.google.android.gms.common.api.GoogleApiActivity"
120-->[com.google.android.gms:play-services-base:17.1.0] AndroidManifest.xml:24:13-79
121            android:exported="false"
121-->[com.google.android.gms:play-services-base:17.1.0] AndroidManifest.xml:25:13-37
122            android:theme="@android:style/Theme.Translucent.NoTitleBar" />
122-->[com.google.android.gms:play-services-base:17.1.0] AndroidManifest.xml:26:13-72
123
124        <provider
124-->[com.google.firebase:firebase-common:19.3.1] AndroidManifest.xml:26:9-31:39
125            android:name="com.google.firebase.provider.FirebaseInitProvider"
125-->[com.google.firebase:firebase-common:19.3.1] AndroidManifest.xml:27:13-77
126            android:authorities="com.example.madiyar.firebaseinitprovider"
126-->[com.google.firebase:firebase-common:19.3.1] AndroidManifest.xml:28:13-72
127            android:directBootAware="true"
127-->[com.google.firebase:firebase-common:19.3.1] AndroidManifest.xml:29:13-43
128            android:exported="false"
128-->[com.google.firebase:firebase-common:19.3.1] AndroidManifest.xml:30:13-37
129            android:initOrder="100" />
129-->[com.google.firebase:firebase-common:19.3.1] AndroidManifest.xml:31:13-36
130
131        <receiver
131-->[com.google.android.gms:play-services-measurement:18.0.0] AndroidManifest.xml:29:9-33:20
132            android:name="com.google.android.gms.measurement.AppMeasurementReceiver"
132-->[com.google.android.gms:play-services-measurement:18.0.0] AndroidManifest.xml:30:13-85
133            android:enabled="true"
133-->[com.google.android.gms:play-services-measurement:18.0.0] AndroidManifest.xml:31:13-35
134            android:exported="false" >
134-->[com.google.android.gms:play-services-measurement:18.0.0] AndroidManifest.xml:32:13-37
135        </receiver>
136
137        <service
137-->[com.google.android.gms:play-services-measurement:18.0.0] AndroidManifest.xml:35:9-38:40
138            android:name="com.google.android.gms.measurement.AppMeasurementService"
138-->[com.google.android.gms:play-services-measurement:18.0.0] AndroidManifest.xml:36:13-84
139            android:enabled="true"
139-->[com.google.android.gms:play-services-measurement:18.0.0] AndroidManifest.xml:37:13-35
140            android:exported="false" />
140-->[com.google.android.gms:play-services-measurement:18.0.0] AndroidManifest.xml:38:13-37
141        <service
141-->[com.google.android.gms:play-services-measurement:18.0.0] AndroidManifest.xml:39:9-43:72
142            android:name="com.google.android.gms.measurement.AppMeasurementJobService"
142-->[com.google.android.gms:play-services-measurement:18.0.0] AndroidManifest.xml:40:13-87
143            android:enabled="true"
143-->[com.google.android.gms:play-services-measurement:18.0.0] AndroidManifest.xml:41:13-35
144            android:exported="false"
144-->[com.google.android.gms:play-services-measurement:18.0.0] AndroidManifest.xml:42:13-37
145            android:permission="android.permission.BIND_JOB_SERVICE" />
145-->[com.google.android.gms:play-services-measurement:18.0.0] AndroidManifest.xml:43:13-69
146
147        <meta-data
147-->[com.google.android.gms:play-services-basement:17.1.0] AndroidManifest.xml:23:9-25:69
148            android:name="com.google.android.gms.version"
148-->[com.google.android.gms:play-services-basement:17.1.0] AndroidManifest.xml:24:13-58
149            android:value="@integer/google_play_services_version" />
149-->[com.google.android.gms:play-services-basement:17.1.0] AndroidManifest.xml:25:13-66
150
151        <service
151-->[androidx.room:room-runtime:2.2.5] AndroidManifest.xml:25:9-28:40
152            android:name="androidx.room.MultiInstanceInvalidationService"
152-->[androidx.room:room-runtime:2.2.5] AndroidManifest.xml:26:13-74
153            android:directBootAware="true"
153-->[androidx.room:room-runtime:2.2.5] AndroidManifest.xml:27:13-43
154            android:exported="false" />
154-->[androidx.room:room-runtime:2.2.5] AndroidManifest.xml:28:13-37
155
156        <provider
156-->[androidx.lifecycle:lifecycle-process:2.2.0] AndroidManifest.xml:25:9-29:43
157            android:name="androidx.lifecycle.ProcessLifecycleOwnerInitializer"
157-->[androidx.lifecycle:lifecycle-process:2.2.0] AndroidManifest.xml:26:13-79
158            android:authorities="com.example.madiyar.lifecycle-process"
158-->[androidx.lifecycle:lifecycle-process:2.2.0] AndroidManifest.xml:27:13-69
159            android:exported="false"
159-->[androidx.lifecycle:lifecycle-process:2.2.0] AndroidManifest.xml:28:13-37
160            android:multiprocess="true" />
160-->[androidx.lifecycle:lifecycle-process:2.2.0] AndroidManifest.xml:29:13-40
161    </application>
162
163</manifest>